<?xml version="1.0" encoding="UTF-8"?>
<!-- Generated by org.testng.reporters.JUnitReportReporter -->
<testsuite hostname="LAPTOP-SSRQBIMK" failures="0" tests="1" name="com.test.TestNG.TestNGAnnotationsTest" time="0.010" errors="0" timestamp="2025-01-02T09:18:13 IST" skipped="0">
  <testcase classname="com.test.TestNG.TestNGAnnotationsTest" name="test" time="0.010"/>
</testsuite> <!-- com.test.TestNG.TestNGAnnotationsTest -->
