<?xml version="1.0" encoding="UTF-8"?>
<!-- Generated by org.testng.reporters.JUnitReportReporter -->
<testsuite hostname="LAPTOP-SSRQBIMK" failures="0" tests="2" name="com.test.TestNG.TestNGAnnotationsTest" time="0.013" errors="0" timestamp="2025-01-02T10:00:08 IST" skipped="0">
  <testcase classname="com.test.TestNG.TestNGAnnotationsTest" name="test" time="0.010"/>
  <testcase classname="com.test.TestNG.TestNGAnnotationsTest" name="test2" time="0.003"/>
</testsuite> <!-- com.test.TestNG.TestNGAnnotationsTest -->
